<?xml version="1.0" encoding="UTF-8"?>
<!-- Generated by org.testng.reporters.JUnitXMLReporter -->
<testsuite ignored="0" hostname="DESKTOP-UBASVQK" failures="1" tests="1" name="ErrorValidationTest" time="25.774" errors="0" timestamp="2023-03-07T02:02:14 IST">
  <testcase classname="Regression.ErrorValidationTest" name="verifyerrorlog" time="23.976">
    <failure type="java.lang.AssertionError" message="expected [Incorrect email or passwordsss.] but found [Incorrect email or password.]">
      <![CDATA[java.lang.AssertionError: expected [Incorrect email or passwordsss.] but found [Incorrect email or password.]
at Regression.ErrorValidationTest.verifyerrorlog(ErrorValidationTest.java:21)
at java.base/java.util.ArrayList.forEach(ArrayList.java:1540)
... Removed 33 stack frames]]>
    </failure>
  </testcase> <!-- verifyerrorlog -->
</testsuite> <!-- ErrorValidationTest -->
