<?xml version="1.0" encoding="UTF-8"?>
<!-- Generated by org.testng.reporters.JUnitXMLReporter -->
<testsuite ignored="0" hostname="DESKTOP-UBASVQK" failures="0" tests="2" name="VerifyItemNamesInCartTest" time="39.855" errors="0" timestamp="2023-03-07T02:03:46 IST">
  <testcase classname="Regression.VerifyItemNamesInCartTest" name="VerifyItemWithCorrectName" time="19.743"/>
  <testcase classname="Regression.VerifyItemNamesInCartTest" name="VerifyItemWithInCorrectName" time="19.453"/>
</testsuite> <!-- VerifyItemNamesInCartTest -->
