<?xml version="1.0" encoding="UTF-8"?>
<!-- Generated by org.testng.reporters.JUnitXMLReporter -->
<testsuite ignored="0" hostname="DESKTOP-UBASVQK" failures="0" tests="2" name="VerifyItemNamesInCartTest" time="47.656" errors="0" timestamp="2023-03-24T02:25:25 IST">
  <testcase classname="Regression.VerifyItemNamesInCartTest" name="VerifyItemWithCorrectName" time="26.592"/>
  <testcase classname="Regression.VerifyItemNamesInCartTest" name="VerifyItemWithInCorrectName" time="20.201"/>
</testsuite> <!-- VerifyItemNamesInCartTest -->
