<?xml version="1.0" encoding="UTF-8"?>
<testng-results ignored="3" total="5" passed="2" failed="0" skipped="0">
  <reporter-output>
  </reporter-output>
  <suite started-at="2023-03-24T02:24:35 IST" name="Suite" finished-at="2023-03-24T02:25:25 IST" duration-ms="49627">
    <groups>
      <group name="smoke">
        <method signature="VerifyItemNamesInCartTest.VerifyItemWithCorrectName(java.util.HashMap)[pri:0, instance:Regression.VerifyItemNamesInCartTest@4ce1d6d0]" name="VerifyItemWithCorrectName" class="Regression.VerifyItemNamesInCartTest"/>
        <method signature="VerifyItemNamesInCartTest.VerifyItemWithInCorrectName(java.util.HashMap)[pri:0, instance:Regression.VerifyItemNamesInCartTest@4ce1d6d0]" name="VerifyItemWithInCorrectName" class="Regression.VerifyItemNamesInCartTest"/>
      </group> <!-- smoke -->
    </groups>
    <test started-at="2023-03-24T02:24:35 IST" name="ErrorValidationTest" finished-at="2023-03-24T02:24:35 IST" duration-ms="195">
      <class name="Regression.ErrorValidationTest">
        <test-method is-config="true" signature="readconf()[pri:0, instance:Regression.ErrorValidationTest@38234a38]" started-at="2023-03-24T02:24:35 IST" name="readconf" finished-at="2023-03-24T02:24:35 IST" duration-ms="70" status="PASS">
          <reporter-output>
          </reporter-output>
        </test-method> <!-- readconf -->
      </class> <!-- Regression.ErrorValidationTest -->
    </test> <!-- ErrorValidationTest -->
    <test started-at="2023-03-24T02:24:37 IST" name="StandAloneTest" finished-at="2023-03-24T02:24:37 IST" duration-ms="3">
      <class name="Regression.StandAloneTest">
        <test-method is-config="true" signature="readconf()[pri:0, instance:Regression.StandAloneTest@6ed3f258]" started-at="2023-03-24T02:24:37 IST" name="readconf" finished-at="2023-03-24T02:24:37 IST" duration-ms="2" status="PASS">
          <reporter-output>
          </reporter-output>
        </test-method> <!-- readconf -->
      </class> <!-- Regression.StandAloneTest -->
    </test> <!-- StandAloneTest -->
    <test started-at="2023-03-24T02:24:37 IST" name="VerifyItemNamesInCartTest" finished-at="2023-03-24T02:25:25 IST" duration-ms="47656">
      <class name="Regression.VerifyItemNamesInCartTest">
        <test-method is-config="true" signature="readconf()[pri:0, instance:Regression.VerifyItemNamesInCartTest@4ce1d6d0]" started-at="2023-03-24T02:24:37 IST" name="readconf" finished-at="2023-03-24T02:24:37 IST" duration-ms="2" status="PASS">
          <reporter-output>
          </reporter-output>
        </test-method> <!-- readconf -->
        <test-method signature="VerifyItemWithCorrectName(java.util.HashMap)[pri:0, instance:Regression.VerifyItemNamesInCartTest@4ce1d6d0]" started-at="2023-03-24T02:24:37 IST" name="VerifyItemWithCorrectName" data-provider="getdata" finished-at="2023-03-24T02:25:04 IST" duration-ms="26592" status="PASS">
          <params>
            <param index="0">
              <value>
                <![CDATA[{password=Hyderabad@2023, product=zara coat 3, email=78bikash.hyd@gmail.com}]]>
              </value>
            </param>
          </params>
          <reporter-output>
          </reporter-output>
        </test-method> <!-- VerifyItemWithCorrectName -->
        <test-method is-config="true" signature="CloseApp(org.testng.ITestResult)[pri:0, instance:Regression.VerifyItemNamesInCartTest@4ce1d6d0]" started-at="2023-03-24T02:25:04 IST" name="CloseApp" finished-at="2023-03-24T02:25:04 IST" duration-ms="372" status="PASS">
          <params>
            <param index="0">
              <value>
                <![CDATA[[TestResult name=VerifyItemWithCorrectName status=SUCCESS method=VerifyItemNamesInCartTest.VerifyItemWithCorrectName(java.util.HashMap)[pri:0, instance:Regression.VerifyItemNamesInCartTest@4ce1d6d0] output={null}]]]>
              </value>
            </param>
          </params>
          <reporter-output>
          </reporter-output>
        </test-method> <!-- CloseApp -->
        <test-method signature="VerifyItemWithInCorrectName(java.util.HashMap)[pri:0, instance:Regression.VerifyItemNamesInCartTest@4ce1d6d0]" started-at="2023-03-24T02:25:04 IST" name="VerifyItemWithInCorrectName" data-provider="getdata" finished-at="2023-03-24T02:25:24 IST" duration-ms="20201" status="PASS">
          <params>
            <param index="0">
              <value>
                <![CDATA[{password=Hyderabad@2023, product=zara coat 3, email=78bikash.hyd@gmail.com}]]>
              </value>
            </param>
          </params>
          <reporter-output>
          </reporter-output>
        </test-method> <!-- VerifyItemWithInCorrectName -->
        <test-method is-config="true" signature="CloseApp(org.testng.ITestResult)[pri:0, instance:Regression.VerifyItemNamesInCartTest@4ce1d6d0]" started-at="2023-03-24T02:25:24 IST" name="CloseApp" finished-at="2023-03-24T02:25:25 IST" duration-ms="366" status="PASS">
          <params>
            <param index="0">
              <value>
                <![CDATA[[TestResult name=VerifyItemWithInCorrectName status=SUCCESS method=VerifyItemNamesInCartTest.VerifyItemWithInCorrectName(java.util.HashMap)[pri:0, instance:Regression.VerifyItemNamesInCartTest@4ce1d6d0] output={null}]]]>
              </value>
            </param>
          </params>
          <reporter-output>
          </reporter-output>
        </test-method> <!-- CloseApp -->
      </class> <!-- Regression.VerifyItemNamesInCartTest -->
    </test> <!-- VerifyItemNamesInCartTest -->
  </suite> <!-- Suite -->
</testng-results>
