<?xml version="1.0" encoding="UTF-8"?>
<testng-results ignored="3" total="5" passed="2" failed="0" skipped="0">
  <reporter-output>
  </reporter-output>
  <suite started-at="2023-03-24T02:22:10 IST" name="Suite" finished-at="2023-03-24T02:23:09 IST" duration-ms="58366">
    <groups>
      <group name="smoke">
        <method signature="VerifyItemNamesInCartTest.VerifyItemWithCorrectName(java.util.HashMap)[pri:0, instance:Regression.VerifyItemNamesInCartTest@5ce8d869]" name="VerifyItemWithCorrectName" class="Regression.VerifyItemNamesInCartTest"/>
        <method signature="VerifyItemNamesInCartTest.VerifyItemWithInCorrectName(java.util.HashMap)[pri:0, instance:Regression.VerifyItemNamesInCartTest@5ce8d869]" name="VerifyItemWithInCorrectName" class="Regression.VerifyItemNamesInCartTest"/>
      </group> <!-- smoke -->
    </groups>
    <test started-at="2023-03-24T02:22:10 IST" name="ErrorValidationTest" finished-at="2023-03-24T02:22:10 IST" duration-ms="68">
      <class name="Regression.ErrorValidationTest">
        <test-method is-config="true" signature="readconf()[pri:0, instance:Regression.ErrorValidationTest@3daf7722]" started-at="2023-03-24T02:22:10 IST" name="readconf" finished-at="2023-03-24T02:22:10 IST" duration-ms="25" status="PASS">
          <reporter-output>
          </reporter-output>
        </test-method> <!-- readconf -->
      </class> <!-- Regression.ErrorValidationTest -->
    </test> <!-- ErrorValidationTest -->
    <test started-at="2023-03-24T02:22:12 IST" name="StandAloneTest" finished-at="2023-03-24T02:22:12 IST" duration-ms="33">
      <class name="Regression.StandAloneTest">
        <test-method is-config="true" signature="readconf()[pri:0, instance:Regression.StandAloneTest@c94fd30]" started-at="2023-03-24T02:22:12 IST" name="readconf" finished-at="2023-03-24T02:22:12 IST" duration-ms="3" status="PASS">
          <reporter-output>
          </reporter-output>
        </test-method> <!-- readconf -->
      </class> <!-- Regression.StandAloneTest -->
    </test> <!-- StandAloneTest -->
    <test started-at="2023-03-24T02:22:12 IST" name="VerifyItemNamesInCartTest" finished-at="2023-03-24T02:23:09 IST" duration-ms="56510">
      <class name="Regression.VerifyItemNamesInCartTest">
        <test-method is-config="true" signature="readconf()[pri:0, instance:Regression.VerifyItemNamesInCartTest@5ce8d869]" started-at="2023-03-24T02:22:12 IST" name="readconf" finished-at="2023-03-24T02:22:12 IST" duration-ms="2" status="PASS">
          <reporter-output>
          </reporter-output>
        </test-method> <!-- readconf -->
        <test-method signature="VerifyItemWithCorrectName(java.util.HashMap)[pri:0, instance:Regression.VerifyItemNamesInCartTest@5ce8d869]" started-at="2023-03-24T02:22:12 IST" name="VerifyItemWithCorrectName" data-provider="getdata" finished-at="2023-03-24T02:22:41 IST" duration-ms="28795" status="PASS">
          <params>
            <param index="0">
              <value>
                <![CDATA[{password=Hyderabad@2023, product=zara coat 3, email=78bikash.hyd@gmail.com}]]>
              </value>
            </param>
          </params>
          <reporter-output>
          </reporter-output>
        </test-method> <!-- VerifyItemWithCorrectName -->
        <test-method is-config="true" signature="CloseApp(org.testng.ITestResult)[pri:0, instance:Regression.VerifyItemNamesInCartTest@5ce8d869]" started-at="2023-03-24T02:22:41 IST" name="CloseApp" finished-at="2023-03-24T02:22:43 IST" duration-ms="2174" status="PASS">
          <params>
            <param index="0">
              <value>
                <![CDATA[[TestResult name=VerifyItemWithCorrectName status=SUCCESS method=VerifyItemNamesInCartTest.VerifyItemWithCorrectName(java.util.HashMap)[pri:0, instance:Regression.VerifyItemNamesInCartTest@5ce8d869] output={null}]]]>
              </value>
            </param>
          </params>
          <reporter-output>
          </reporter-output>
        </test-method> <!-- CloseApp -->
        <test-method signature="VerifyItemWithInCorrectName(java.util.HashMap)[pri:0, instance:Regression.VerifyItemNamesInCartTest@5ce8d869]" started-at="2023-03-24T02:22:43 IST" name="VerifyItemWithInCorrectName" data-provider="getdata" finished-at="2023-03-24T02:23:06 IST" duration-ms="22707" status="PASS">
          <params>
            <param index="0">
              <value>
                <![CDATA[{password=Hyderabad@2023, product=zara coat 3, email=78bikash.hyd@gmail.com}]]>
              </value>
            </param>
          </params>
          <reporter-output>
          </reporter-output>
        </test-method> <!-- VerifyItemWithInCorrectName -->
        <test-method is-config="true" signature="CloseApp(org.testng.ITestResult)[pri:0, instance:Regression.VerifyItemNamesInCartTest@5ce8d869]" started-at="2023-03-24T02:23:06 IST" name="CloseApp" finished-at="2023-03-24T02:23:09 IST" duration-ms="2706" status="PASS">
          <params>
            <param index="0">
              <value>
                <![CDATA[[TestResult name=VerifyItemWithInCorrectName status=SUCCESS method=VerifyItemNamesInCartTest.VerifyItemWithInCorrectName(java.util.HashMap)[pri:0, instance:Regression.VerifyItemNamesInCartTest@5ce8d869] output={null}]]]>
              </value>
            </param>
          </params>
          <reporter-output>
          </reporter-output>
        </test-method> <!-- CloseApp -->
      </class> <!-- Regression.VerifyItemNamesInCartTest -->
    </test> <!-- VerifyItemNamesInCartTest -->
  </suite> <!-- Suite -->
</testng-results>
